
> react-practice@0.1.0 lint /Users/vincent.liu/workspace/vincent/f2e/react-practice
> eslint src/


/Users/vincent.liu/workspace/vincent/f2e/react-practice/src/App.js
   8:1   error  Component should be written as a pure function                 react/prefer-stateless-function
  14:7   error  JSX not allowed in files with extension '.js'                  react/jsx-filename-extension
  18:18  error  `code` must be placed on a new line                            react/jsx-one-expression-per-line
  18:41  error  ` and save to reload.          ` must be placed on a new line  react/jsx-one-expression-per-line

/Users/vincent.liu/workspace/vincent/f2e/react-practice/src/App.test.js
  5:1   error  'it' is not defined                            no-undef
  7:19  error  JSX not allowed in files with extension '.js'  react/jsx-filename-extension

/Users/vincent.liu/workspace/vincent/f2e/react-practice/src/components/ReduxForm/FieldLevelValidationForm.js
   6:52   error  Missing trailing comma                                           comma-dangle
   8:29   error  Unexpected use of file extension "js" for "./joi_redux_form.js"  import/extensions
  10:1    error  This line has a length of 141. Maximum allowed is 100            max-len
  10:142  error  Missing trailing comma                                           comma-dangle
  31:5    error  'handleSubmit' is missing in props validation                    react/prop-types
  31:19   error  'pristine' is missing in props validation                        react/prop-types
  31:29   error  'reset' is missing in props validation                           react/prop-types
  31:36   error  'submitting' is missing in props validation                      react/prop-types
  31:46   error  Missing trailing comma                                           comma-dangle
  34:5    error  JSX not allowed in files with extension '.js'                    react/jsx-filename-extension
  43:75   error  `已詳細閱讀並接受上述 ` must be placed on a new line                       react/jsx-one-expression-per-line
  43:86   error  `a` must be placed on a new line                                 react/jsx-one-expression-per-line

/Users/vincent.liu/workspace/vincent/f2e/react-practice/src/components/ReduxForm/SimpleForm.js
   4:29  error  Unexpected use of file extension "js" for "./joi_redux_form.js"                     import/extensions
   6:13  error  'joi' should be listed in the project's dependencies. Run 'npm i -S joi' to add it  import/no-extraneous-dependencies
  15:5   error  'handleSubmit' is missing in props validation                                       react/prop-types
  15:19  error  'pristine' is missing in props validation                                           react/prop-types
  15:29  error  'reset' is missing in props validation                                              react/prop-types
  15:36  error  'submitting' is missing in props validation                                         react/prop-types
  15:46  error  Missing trailing comma                                                              comma-dangle
  18:5   error  JSX not allowed in files with extension '.js'                                       react/jsx-filename-extension
  20:9   error  A form label must be associated with a control                                      jsx-a11y/label-has-associated-control
  31:9   error  A form label must be associated with a control                                      jsx-a11y/label-has-associated-control
  42:9   error  A form label must be associated with a control                                      jsx-a11y/label-has-associated-control
  53:9   error  A form label must be associated with a control                                      jsx-a11y/label-has-associated-control
  55:11  error  A form label must be associated with a control                                      jsx-a11y/label-has-associated-control
  60:11  error  A form label must be associated with a control                                      jsx-a11y/label-has-associated-control
  68:9   error  A form label must be associated with a control                                      jsx-a11y/label-has-associated-control
  71:13  error  A control must be associated with a text label                                      jsx-a11y/control-has-associated-label
  79:9   error  A form label must be associated with a control                                      jsx-a11y/label-has-associated-control
  90:9   error  A form label must be associated with a control                                      jsx-a11y/label-has-associated-control

/Users/vincent.liu/workspace/vincent/f2e/react-practice/src/components/ReduxForm/index.js
  12:3  error  JSX not allowed in files with extension '.js'  react/jsx-filename-extension
  19:9  error  Missing trailing comma                         comma-dangle

/Users/vincent.liu/workspace/vincent/f2e/react-practice/src/components/ReduxForm/joi_redux_form.js
  12:25  error    Use an object spread instead of `Object.assign` eg: `{ ...foo }`  prefer-object-spread
  14:13  error    Use object destructuring                                          prefer-destructuring
  17:9   warning  Unexpected console statement                                      no-console
  20:9   warning  Unexpected console statement                                      no-console
  32:1   error    More than 1 blank line not allowed                                no-multiple-empty-lines
  43:1   error    More than 1 blank line not allowed                                no-multiple-empty-lines

/Users/vincent.liu/workspace/vincent/f2e/react-practice/src/components/ReduxForm/options.js
   4:15  error  Missing trailing comma  comma-dangle
   8:15  error  Missing trailing comma  comma-dangle
   9:4   error  Missing trailing comma  comma-dangle
  15:15  error  Missing trailing comma  comma-dangle
  19:15  error  Missing trailing comma  comma-dangle
  23:15  error  Missing trailing comma  comma-dangle
  27:15  error  Missing trailing comma  comma-dangle
  31:15  error  Missing trailing comma  comma-dangle
  35:15  error  Missing trailing comma  comma-dangle
  39:15  error  Missing trailing comma  comma-dangle
  43:15  error  Missing trailing comma  comma-dangle
  47:15  error  Missing trailing comma  comma-dangle
  51:15  error  Missing trailing comma  comma-dangle
  57:12  error  Missing trailing comma  comma-dangle

/Users/vincent.liu/workspace/vincent/f2e/react-practice/src/components/antd/AntdDate.js
  14:9  error  Parsing error: Unexpected token =

/Users/vincent.liu/workspace/vincent/f2e/react-practice/src/components/antd/AntdModal.js
  7:9  error  Parsing error: Unexpected token =

/Users/vincent.liu/workspace/vincent/f2e/react-practice/src/components/common/AlarmClockControl.js
  23:11  error  Use object destructuring                       prefer-destructuring
  23:21  error  Must use destructuring state assignment        react/destructuring-assignment
  28:9   error  JSX not allowed in files with extension '.js'  react/jsx-filename-extension
  56:9   error  Use object destructuring                       prefer-destructuring
  56:19  error  Must use destructuring props assignment        react/destructuring-assignment
  56:25  error  'isAlarm' is missing in props validation       react/prop-types
  65:36  error  Must use destructuring props assignment        react/destructuring-assignment
  65:42  error  'onClick' is missing in props validation       react/prop-types
  66:8   error  Must use destructuring props assignment        react/destructuring-assignment
  66:14  error  'ring' is missing in props validation          react/prop-types

/Users/vincent.liu/workspace/vincent/f2e/react-practice/src/components/common/AlarmClockControl.stories.js
   9:42  error  Unexpected block statement surrounding arrow body; move the returned value immediately after the `=>`  arrow-body-style
  10:10  error  JSX not allowed in files with extension '.js'                                                          react/jsx-filename-extension

/Users/vincent.liu/workspace/vincent/f2e/react-practice/src/components/common/Axios.js
   8:1   error  Component should be written as a pure function             react/prefer-stateless-function
  11:7   error  JSX not allowed in files with extension '.js'              react/jsx-filename-extension
  15:28  error  `Something bad happened: ` must be placed on a new line    react/jsx-one-expression-per-line
  15:52  error  `{error.message}` must be placed on a new line             react/jsx-one-expression-per-line
  15:68  error  `button` must be placed on a new line                      react/jsx-one-expression-per-line
  16:20  error  Unnecessary 'else' after 'return'                          no-else-return
  19:28  error  `{JSON.stringify(response)}` must be placed on a new line  react/jsx-one-expression-per-line
  19:55  error  `br` must be placed on a new line                          react/jsx-one-expression-per-line
  19:62  error  `button` must be placed on a new line                      react/jsx-one-expression-per-line
  27:28  error  `Something bad happened: ` must be placed on a new line    react/jsx-one-expression-per-line
  27:52  error  `{error.message}` must be placed on a new line             react/jsx-one-expression-per-line
  27:68  error  `button` must be placed on a new line                      react/jsx-one-expression-per-line
  28:20  error  Unnecessary 'else' after 'return'                          no-else-return
  31:28  error  `{JSON.stringify(response)}` must be placed on a new line  react/jsx-one-expression-per-line
  31:55  error  `br` must be placed on a new line                          react/jsx-one-expression-per-line
  31:62  error  `button` must be placed on a new line                      react/jsx-one-expression-per-line

/Users/vincent.liu/workspace/vincent/f2e/react-practice/src/components/common/BootstrapBtn.js
  28:15  error  Parsing error: Unexpected token =

/Users/vincent.liu/workspace/vincent/f2e/react-practice/src/components/common/CssStyle.js
   8:1   error  Component should be written as a pure function  react/prefer-stateless-function
  11:7   error  JSX not allowed in files with extension '.js'   react/jsx-filename-extension
  29:28  error  Missing trailing comma                          comma-dangle
  33:22  error  Missing trailing comma                          comma-dangle

/Users/vincent.liu/workspace/vincent/f2e/react-practice/src/components/common/ErrorBoundary.js
  21:7   error  Expected property shorthand                    object-shorthand
  22:7   error  Expected property shorthand                    object-shorthand
  22:27  error  Missing trailing comma                         comma-dangle
  28:9   error  Must use destructuring state assignment        react/destructuring-assignment
  31:9   error  JSX not allowed in files with extension '.js'  react/jsx-filename-extension
  34:14  error  Must use destructuring state assignment        react/destructuring-assignment
  34:34  error  Must use destructuring state assignment        react/destructuring-assignment
  36:14  error  Must use destructuring state assignment        react/destructuring-assignment
  42:12  error  Must use destructuring props assignment        react/destructuring-assignment
  42:23  error  'children' is missing in props validation      react/prop-types

/Users/vincent.liu/workspace/vincent/f2e/react-practice/src/components/common/ErrorCounter.js
  12:27  error    Missing trailing comma                                                                          comma-dangle
  16:7   warning  Unexpected console statement                                                                    no-console
  16:19  error    Must use destructuring state assignment                                                         react/destructuring-assignment
  18:13  error    Must use destructuring props assignment                                                         react/destructuring-assignment
  18:24  error    'action' is missing in props validation                                                         react/prop-types
  18:52  error    Must use destructuring state assignment                                                         react/destructuring-assignment
  22:25  error    Expected property shorthand                                                                     object-shorthand
  28:9   error    Must use destructuring state assignment                                                         react/destructuring-assignment
  30:16  error    Must use destructuring state assignment                                                         react/destructuring-assignment
  31:14  error    JSX not allowed in files with extension '.js'                                                   react/jsx-filename-extension
  31:19  error    Must use destructuring state assignment                                                         react/destructuring-assignment
  33:12  error    Visible, non-interactive elements with click handlers must have at least one keyboard listener  jsx-a11y/click-events-have-key-events
  33:12  error    Non-interactive elements should not be assigned mouse or keyboard event listeners               jsx-a11y/no-noninteractive-element-interactions
  33:44  error    Must use destructuring state assignment                                                         react/destructuring-assignment

/Users/vincent.liu/workspace/vincent/f2e/react-practice/src/components/common/EssayForm.js
   7:70  error    Missing trailing comma                          comma-dangle
  19:5   warning  Unexpected console statement                    no-console
  19:17  error    Unexpected string concatenation                 prefer-template
  19:46  error    Must use destructuring state assignment         react/destructuring-assignment
  25:7   error    JSX not allowed in files with extension '.js'   react/jsx-filename-extension
  26:9   error    A form label must be associated with a control  jsx-a11y/label-has-associated-control
  28:28  error    Must use destructuring state assignment         react/destructuring-assignment

/Users/vincent.liu/workspace/vincent/f2e/react-practice/src/components/common/Fetch.js
   9:18  error  Missing trailing comma                               comma-dangle
  15:13  error  Expected parentheses around arrow function argument  arrow-parens
  19:24  error  Missing trailing comma                               comma-dangle
  24:11  error  Expected property shorthand                          object-shorthand
  24:23  error  Missing trailing comma                               comma-dangle
  32:14  error  JSX not allowed in files with extension '.js'        react/jsx-filename-extension
  32:19  error  `Error: ` must be placed on a new line               react/jsx-one-expression-per-line
  32:26  error  `{error.message}` must be placed on a new line       react/jsx-one-expression-per-line
  33:12  error  Unnecessary 'else' after 'return'                    no-else-return

/Users/vincent.liu/workspace/vincent/f2e/react-practice/src/components/common/FilterableProductTable.js
    1:1   error  File has too many classes (5). Maximum allowed is 1                             max-classes-per-file
    4:1   error  Component should be written as a pure function                                  react/prefer-stateless-function
    6:11  error  Use object destructuring                                                        prefer-destructuring
    6:22  error  Must use destructuring props assignment                                         react/destructuring-assignment
    6:33  error  'category' is missing in props validation                                       react/prop-types
    8:7   error  JSX not allowed in files with extension '.js'                                   react/jsx-filename-extension
   17:1   error  Component should be written as a pure function                                  react/prefer-stateless-function
   19:11  error  Use object destructuring                                                        prefer-destructuring
   19:21  error  Must use destructuring props assignment                                         react/destructuring-assignment
   19:32  error  'product' is missing in props validation                                        react/prop-types
   20:26  error  'product.stocked' is missing in props validation                                react/prop-types
   21:17  error  'product.name' is missing in props validation                                   react/prop-types
   24:20  error  'product.name' is missing in props validation                                   react/prop-types
   31:22  error  'product.price' is missing in props validation                                  react/prop-types
   39:11  error  Use object destructuring                                                        prefer-destructuring
   39:24  error  Must use destructuring props assignment                                         react/destructuring-assignment
   39:35  error  'filterText' is missing in props validation                                     react/prop-types
   40:11  error  Use object destructuring                                                        prefer-destructuring
   40:25  error  Must use destructuring props assignment                                         react/destructuring-assignment
   40:36  error  'inStockOnly' is missing in props validation                                    react/prop-types
   45:5   error  Must use destructuring props assignment                                         react/destructuring-assignment
   45:16  error  'products' is missing in props validation                                       react/prop-types
   45:25  error  'products.forEach' is missing in props validation                               react/prop-types
   59:13  error  Missing trailing comma                                                          comma-dangle
   67:11  error  Missing trailing comma                                                          comma-dangle
   95:5   error  Must use destructuring props assignment                                         react/destructuring-assignment
   95:16  error  'onFilterTextChange' is missing in props validation                             react/prop-types
   99:5   error  Must use destructuring props assignment                                         react/destructuring-assignment
   99:16  error  'onInStockChange' is missing in props validation                                react/prop-types
  108:18  error  Must use destructuring props assignment                                         react/destructuring-assignment
  108:29  error  'filterText' is missing in props validation                                     react/prop-types
  114:22  error  Must use destructuring props assignment                                         react/destructuring-assignment
  114:33  error  'inStockOnly' is missing in props validation                                    react/prop-types
  130:25  error  Missing trailing comma                                                          comma-dangle
  139:7   error  Expected property shorthand                                                     object-shorthand
  139:29  error  Missing trailing comma                                                          comma-dangle
  145:7   error  Expected property shorthand                                                     object-shorthand
  145:31  error  Missing trailing comma                                                          comma-dangle
  153:23  error  Must use destructuring state assignment                                         react/destructuring-assignment
  154:24  error  Must use destructuring state assignment                                         react/destructuring-assignment
  159:21  error  Must use destructuring props assignment                                         react/destructuring-assignment
  160:23  error  Must use destructuring state assignment                                         react/destructuring-assignment
  161:24  error  Must use destructuring state assignment                                         react/destructuring-assignment
  169:3   error  defaultProp "products" defined for isRequired propType                          react/default-props-match-prop-types
  171:83  error  Missing trailing comma                                                          comma-dangle
  174:82  error  Missing trailing comma                                                          comma-dangle
  177:86  error  Missing trailing comma                                                          comma-dangle
  180:82  error  Missing trailing comma                                                          comma-dangle
  183:82  error  Missing trailing comma                                                          comma-dangle
  186:80  error  Missing trailing comma                                                          comma-dangle
  187:6   error  Missing trailing comma                                                          comma-dangle
  188:4   error  Missing trailing comma                                                          comma-dangle
  192:3   error  propType "products" is required and should not have a defaultProps declaration  react/require-default-props

/Users/vincent.liu/workspace/vincent/f2e/react-practice/src/components/common/FilterableProductTable.stories.js
   2:1   error  '@storybook/addon-knobs' should be listed in the project's dependencies, not devDependencies           import/no-extraneous-dependencies
  10:1   error  More than 1 blank line not allowed                                                                     no-multiple-empty-lines
  14:71  error  Missing trailing comma                                                                                 comma-dangle
  17:65  error  Missing trailing comma                                                                                 comma-dangle
  20:66  error  Missing trailing comma                                                                                 comma-dangle
  23:67  error  Missing trailing comma                                                                                 comma-dangle
  26:70  error  Missing trailing comma                                                                                 comma-dangle
  29:70  error  Missing trailing comma                                                                                 comma-dangle
  32:79  error  Missing trailing comma                                                                                 comma-dangle
  33:6   error  Missing trailing comma                                                                                 comma-dangle
  36:10  error  JSX not allowed in files with extension '.js'                                                          react/jsx-filename-extension
  39:54  error  Unexpected block statement surrounding arrow body; move the returned value immediately after the `=>`  arrow-body-style

/Users/vincent.liu/workspace/vincent/f2e/react-practice/src/components/common/FlavorForm.js
  17:5   warning  Unexpected console statement                    no-console
  17:17  error    Unexpected string concatenation                 prefer-template
  17:47  error    Must use destructuring state assignment         react/destructuring-assignment
  23:7   error    JSX not allowed in files with extension '.js'   react/jsx-filename-extension
  24:9   error    A form label must be associated with a control  jsx-a11y/label-has-associated-control
  26:26  error    Must use destructuring state assignment         react/destructuring-assignment

/Users/vincent.liu/workspace/vincent/f2e/react-practice/src/components/common/Form.js
  14:70  error    Missing trailing comma                               comma-dangle
  29:15  error    Expected parentheses around arrow function argument  arrow-parens
  30:12  error    Expected parentheses around arrow function argument  arrow-parens
  31:21  error    Expected property shorthand                          object-shorthand
  35:5   warning  Unexpected console statement                         no-console
  42:7   error    JSX not allowed in files with extension '.js'        react/jsx-filename-extension
  44:11  error    A form label must be associated with a control       jsx-a11y/label-has-associated-control
  52:11  error    A form label must be associated with a control       jsx-a11y/label-has-associated-control
  61:11  error    A form label must be associated with a control       jsx-a11y/label-has-associated-control
  73:19  error    Value must be omitted for boolean attributes         react/jsx-boolean-value

/Users/vincent.liu/workspace/vincent/f2e/react-practice/src/components/common/HelloTo.js
   5:5   warning  Unexpected console statement                                                                    no-console
   7:5   warning  Unexpected console statement                                                                    no-console
  13:23  error    Missing trailing comma                                                                          comma-dangle
  17:3   error    handleClick should be placed after componentWillUnmount                                         react/sort-comp
  19:5   warning  Unexpected console statement                                                                    no-console
  21:19  error    Expected parentheses around arrow function argument                                             arrow-parens
  22:36  error    Missing trailing comma                                                                          comma-dangle
  27:5   warning  Unexpected console statement                                                                    no-console
  32:5   warning  Unexpected console statement                                                                    no-console
  35:11  error    Missing trailing comma                                                                          comma-dangle
  40:5   warning  Unexpected console statement                                                                    no-console
  44:5   warning  Unexpected console statement                                                                    no-console
  45:5   warning  Unexpected console statement                                                                    no-console
  46:5   warning  Unexpected console statement                                                                    no-console
  53:5   warning  Unexpected console statement                                                                    no-console
  57:5   warning  Unexpected console statement                                                                    no-console
  61:5   warning  Unexpected console statement                                                                    no-console
  65:5   error    Expected an assignment or function call and instead saw an expression                           no-unused-expressions
  65:5   error    Must use destructuring state assignment                                                         react/destructuring-assignment
  66:23  error    Missing trailing comma                                                                          comma-dangle
  71:5   warning  Unexpected console statement                                                                    no-console
  74:7   error    JSX not allowed in files with extension '.js'                                                   react/jsx-filename-extension
  75:13  error    `Hello, ` must be placed on a new line                                                          react/jsx-one-expression-per-line
  75:20  error    `{this.props.gender}` must be placed on a new line                                              react/jsx-one-expression-per-line
  75:21  error    Must use destructuring props assignment                                                         react/destructuring-assignment
  75:32  error    'gender' is missing in props validation                                                         react/prop-types
  75:40  error    `{this.props.name}` must be placed on a new line                                                react/jsx-one-expression-per-line
  75:41  error    Must use destructuring props assignment                                                         react/destructuring-assignment
  75:52  error    'name' is missing in props validation                                                           react/prop-types
  76:9   error    Visible, non-interactive elements with click handlers must have at least one keyboard listener  jsx-a11y/click-events-have-key-events
  76:9   error    Non-interactive elements should not be assigned mouse or keyboard event listeners               jsx-a11y/no-noninteractive-element-interactions
  76:40  error    `It is ` must be placed on a new line                                                           react/jsx-one-expression-per-line
  76:46  error    `{this.state.date.toLocaleTimeString()}` must be placed on a new line                           react/jsx-one-expression-per-line
  76:47  error    Must use destructuring state assignment                                                         react/destructuring-assignment
  76:84  error    `.` must be placed on a new line                                                                react/jsx-one-expression-per-line
  78:12  error    Must use destructuring state assignment                                                         react/destructuring-assignment

/Users/vincent.liu/workspace/vincent/f2e/react-practice/src/components/common/PropType.js
   7:1   error  Component should be written as a pure function      react/prefer-stateless-function
  10:7   error  JSX not allowed in files with extension '.js'       react/jsx-filename-extension
  12:15  error  `{this.props.name}` must be placed on a new line    react/jsx-one-expression-per-line
  12:16  error  Must use destructuring props assignment             react/destructuring-assignment
  15:16  error  `{this.props.age}` must be placed on a new line     react/jsx-one-expression-per-line
  15:17  error  Must use destructuring props assignment             react/destructuring-assignment
  18:19  error  `{this.props.gender}` must be placed on a new line  react/jsx-one-expression-per-line
  18:20  error  Must use destructuring props assignment             react/destructuring-assignment
  34:46  error  Missing trailing comma                              comma-dangle

/Users/vincent.liu/workspace/vincent/f2e/react-practice/src/components/common/PropType.stories.js
   2:1   error  '@storybook/addon-knobs' should be listed in the project's dependencies, not devDependencies  import/no-extraneous-dependencies
   3:15  error  Missing trailing comma                                                                        comma-dangle
  23:10  error  JSX not allowed in files with extension '.js'                                                 react/jsx-filename-extension

/Users/vincent.liu/workspace/vincent/f2e/react-practice/src/components/common/StateDiff.js
  10:3   error    handleClick should be placed after componentDidUpdate                                           react/sort-comp
  13:18  error    Must use destructuring state assignment                                                         react/destructuring-assignment
  13:18  error    Use callback in setState when referencing the previous state                                    react/no-access-state-in-setstate
  13:40  error    Missing trailing comma                                                                          comma-dangle
  17:9   warning  Unexpected console statement                                                                    no-console
  17:21  error    Unexpected string concatenation                                                                 prefer-template
  17:41  error    Must use destructuring state assignment                                                         react/destructuring-assignment
  18:8   error    Missing trailing comma                                                                          comma-dangle
  20:5   warning  Unexpected console statement                                                                    no-console
  20:17  error    Unexpected string concatenation                                                                 prefer-template
  20:34  error    Must use destructuring state assignment                                                         react/destructuring-assignment
  24:5   warning  Unexpected console statement                                                                    no-console
  24:17  error    Unexpected string concatenation                                                                 prefer-template
  24:41  error    Must use destructuring state assignment                                                         react/destructuring-assignment
  28:12  error    Visible, non-interactive elements with click handlers must have at least one keyboard listener  jsx-a11y/click-events-have-key-events
  28:12  error    Non-interactive elements should not be assigned mouse or keyboard event listeners               jsx-a11y/no-noninteractive-element-interactions
  28:12  error    JSX not allowed in files with extension '.js'                                                   react/jsx-filename-extension
  28:43  error    `Checkout Console: ` must be placed on a new line                                               react/jsx-one-expression-per-line
  28:61  error    `{this.state.counter}` must be placed on a new line                                             react/jsx-one-expression-per-line
  28:62  error    Must use destructuring state assignment                                                         react/destructuring-assignment

/Users/vincent.liu/workspace/vincent/f2e/react-practice/src/components/common/Toggle.js
  41:16  error  Parsing error: Unexpected token =

/Users/vincent.liu/workspace/vincent/f2e/react-practice/src/components/formik/Basic.js
   7:3   error  JSX not allowed in files with extension '.js'   react/jsx-filename-extension
  24:11  error  A form label must be associated with a control  jsx-a11y/label-has-associated-control
  27:11  error  A form label must be associated with a control  jsx-a11y/label-has-associated-control
  30:11  error  A form label must be associated with a control  jsx-a11y/label-has-associated-control
  33:11  error  A form label must be associated with a control  jsx-a11y/label-has-associated-control
  37:35  error  Prop spreading is forbidden                     react/jsx-props-no-spreading

/Users/vincent.liu/workspace/vincent/f2e/react-practice/src/components/formik/Debug.js
  4:1  error  Prefer default export                          import/prefer-default-export
  5:3  error  JSX not allowed in files with extension '.js'  react/jsx-filename-extension

/Users/vincent.liu/workspace/vincent/f2e/react-practice/src/components/formik/Form.js
  39:21  error  Parsing error: Unexpected token =

/Users/vincent.liu/workspace/vincent/f2e/react-practice/src/components/hook/Example.js
   6:3   warning  Unexpected console statement                   no-console
  15:5   error    JSX not allowed in files with extension '.js'  react/jsx-filename-extension
  16:10  error    `You clicked ` must be placed on a new line    react/jsx-one-expression-per-line
  16:22  error    `{count}` must be placed on a new line         react/jsx-one-expression-per-line
  16:29  error    ` times` must be placed on a new line          react/jsx-one-expression-per-line

/Users/vincent.liu/workspace/vincent/f2e/react-practice/src/components/sanfona/AccordionEx.js
  5:21  error  Parsing error: Unexpected token =

/Users/vincent.liu/workspace/vincent/f2e/react-practice/src/components/state/Calculator.js
   1:1   error    File has too many classes (2). Maximum allowed is 1   max-classes-per-file
   5:18  error    Missing trailing comma                                comma-dangle
  33:5   warning  Unexpected console statement                          no-console
  38:5   error    Must use destructuring props assignment               react/destructuring-assignment
  38:16  error    'onTemperatureChange' is missing in props validation  react/prop-types
  42:11  error    Use object destructuring                              prefer-destructuring
  42:25  error    Must use destructuring props assignment               react/destructuring-assignment
  42:36  error    'temperature' is missing in props validation          react/prop-types
  43:11  error    Use object destructuring                              prefer-destructuring
  43:19  error    Must use destructuring props assignment               react/destructuring-assignment
  43:30  error    'scale' is missing in props validation                react/prop-types
  45:7   error    JSX not allowed in files with extension '.js'         react/jsx-filename-extension
  46:17  error    `Enter temperature in ` must be placed on a new line  react/jsx-one-expression-per-line
  46:38  error    `{scaleNames[scale]}` must be placed on a new line    react/jsx-one-expression-per-line
  46:57  error    `:` must be placed on a new line                      react/jsx-one-expression-per-line
  54:3   warning  Unexpected console statement                          no-console
  54:15  error    Must use destructuring props assignment               react/destructuring-assignment
  54:21  error    'celsius' is missing in props validation              react/prop-types
  55:7   error    Must use destructuring props assignment               react/destructuring-assignment
  55:13  error    'celsius' is missing in props validation              react/prop-types
  78:11  error    Use object destructuring                              prefer-destructuring
  78:19  error    Must use destructuring state assignment               react/destructuring-assignment
  79:11  error    Use object destructuring                              prefer-destructuring
  79:25  error    Must use destructuring state assignment               react/destructuring-assignment

/Users/vincent.liu/workspace/vincent/f2e/react-practice/src/index.js
   15:20   error    Parse errors in imported module './components/common/Toggle': Unexpected token = (41:16)        import/no-named-as-default
   15:20   error    Parse errors in imported module './components/common/Toggle': Unexpected token = (41:16)        import/no-named-as-default-member
   20:26   error    Parse errors in imported module './components/common/BootstrapBtn': Unexpected token = (28:15)  import/no-named-as-default
   20:26   error    Parse errors in imported module './components/common/BootstrapBtn': Unexpected token = (28:15)  import/no-named-as-default-member
   29:25   error    Parse errors in imported module './components/sanfona/AccordionEx': Unexpected token = (5:21)   import/no-named-as-default
   29:25   error    Parse errors in imported module './components/sanfona/AccordionEx': Unexpected token = (5:21)   import/no-named-as-default-member
   31:24   error    Parse errors in imported module './components/formik/Form': Unexpected token = (39:21)          import/no-named-as-default
   31:24   error    Parse errors in imported module './components/formik/Form': Unexpected token = (39:21)          import/no-named-as-default-member
   32:23   error    Parse errors in imported module './components/antd/AntdModal': Unexpected token = (7:9)         import/no-named-as-default
   32:23   error    Parse errors in imported module './components/antd/AntdModal': Unexpected token = (7:9)         import/no-named-as-default-member
   33:22   error    Parse errors in imported module './components/antd/AntdDate': Unexpected token = (14:9)         import/no-named-as-default
   33:22   error    Parse errors in imported module './components/antd/AntdDate': Unexpected token = (14:9)         import/no-named-as-default-member
   38:5    error    'chat' is never reassigned. Use 'const' instead                                                 prefer-const
   54:5    warning  Unexpected unnamed method 'say-"hello"'                                                         func-names
   54:30   error    'msg' is defined but never used                                                                 no-unused-vars
   54:37   error    Missing trailing comma                                                                          comma-dangle
   55:4    error    Missing trailing comma                                                                          comma-dangle
   58:1    warning  Unexpected console statement                                                                    no-console
   68:3    error    JSX not allowed in files with extension '.js'                                                   react/jsx-filename-extension
   86:15   error    Must use destructuring props assignment                                                         react/destructuring-assignment
   86:21   error    'value' is missing in props validation                                                          react/prop-types
   90:9    error    Use object destructuring                                                                        prefer-destructuring
   90:19   error    Must use destructuring props assignment                                                         react/destructuring-assignment
   90:25   error    'numbers' is missing in props validation                                                        react/prop-types
   91:29   error    'numbers.map' is missing in props validation                                                    react/prop-types
   91:33   error    Expected parentheses around arrow function argument                                             arrow-parens
  128:21   error    Unexpected string concatenation                                                                 prefer-template
  128:50   error    Must use destructuring props assignment                                                         react/destructuring-assignment
  128:56   error    'color' is missing in props validation                                                          react/prop-types
  129:8    error    Must use destructuring props assignment                                                         react/destructuring-assignment
  129:14   error    'children' is missing in props validation                                                       react/prop-types
  151:81   error    Missing trailing comma                                                                          comma-dangle
  154:80   error    Missing trailing comma                                                                          comma-dangle
  157:84   error    Missing trailing comma                                                                          comma-dangle
  160:80   error    Missing trailing comma                                                                          comma-dangle
  163:80   error    Missing trailing comma                                                                          comma-dangle
  166:78   error    Missing trailing comma                                                                          comma-dangle
  167:4    error    Missing trailing comma                                                                          comma-dangle
  193:62   error    Missing trailing comma                                                                          comma-dangle
  195:14   error    `Welcome            ` must be placed on a new line                                              react/jsx-one-expression-per-line
  223:53   error    Expected parentheses around arrow function argument                                             arrow-parens
  223:95   error    Prop spreading is forbidden                                                                     react/jsx-props-no-spreading
  232:56   error    Expected parentheses around arrow function argument                                             arrow-parens
  241:19   error    Expected parentheses around arrow function argument                                             arrow-parens
  241:72   error    Prop spreading is forbidden                                                                     react/jsx-props-no-spreading
  247:1    error    This line has a length of 114. Maximum allowed is 100                                           max-len
  247:19   error    Expected parentheses around arrow function argument                                             arrow-parens
  247:101  error    Prop spreading is forbidden                                                                     react/jsx-props-no-spreading
  252:19   error    Expected parentheses around arrow function argument                                             arrow-parens
  252:61   error    Prop spreading is forbidden                                                                     react/jsx-props-no-spreading
  257:19   error    Expected parentheses around arrow function argument                                             arrow-parens
  257:60   error    Prop spreading is forbidden                                                                     react/jsx-props-no-spreading
  264:34   error    Missing trailing comma                                                                          comma-dangle

/Users/vincent.liu/workspace/vincent/f2e/react-practice/src/serviceWorker.js
   19:63  error    Missing trailing comma                                       comma-dangle
   20:6   error    Missing trailing comma                                       comma-dangle
   39:9   error    'checkValidServiceWorker' was used before it was defined     no-use-before-define
   44:11  warning  Unexpected console statement                                 no-console
   46:69  error    Missing trailing comma                                       comma-dangle
   51:9   error    'registerValidSW' was used before it was defined             no-use-before-define
   61:7   error    Assignment to property of function parameter 'registration'  no-param-reassign
   72:15  warning  Unexpected console statement                                 no-console
   74:80  error    Missing trailing comma                                       comma-dangle
   85:15  warning  Unexpected console statement                                 no-console
   97:7   warning  Unexpected console statement                                 no-console
  123:7   warning  Unexpected console statement                                 no-console
  124:72  error    Missing trailing comma                                       comma-dangle

/Users/vincent.liu/workspace/vincent/f2e/react-practice/src/stories/0-Welcome.stories.js
   2:1   error  '@storybook/addon-links' should be listed in the project's dependencies, not devDependencies  import/no-extraneous-dependencies
   3:1   error  '@storybook/react' should be listed in the project's dependencies, not devDependencies        import/no-extraneous-dependencies
  10:34  error  JSX not allowed in files with extension '.js'                                                 react/jsx-filename-extension

/Users/vincent.liu/workspace/vincent/f2e/react-practice/src/stories/1-Button.stories.js
   2:1   error  '@storybook/addon-actions' should be listed in the project's dependencies, not devDependencies  import/no-extraneous-dependencies
   3:1   error  '@storybook/react' should be listed in the project's dependencies, not devDependencies          import/no-extraneous-dependencies
  10:27  error  JSX not allowed in files with extension '.js'                                                   react/jsx-filename-extension

/Users/vincent.liu/workspace/vincent/f2e/react-practice/src/stories/2-Formik.stories.js
   2:18  error  Parse errors in imported module '../components/formik/Form': Unexpected token = (39:21)  import/no-named-as-default
   2:18  error  Parse errors in imported module '../components/formik/Form': Unexpected token = (39:21)  import/no-named-as-default-member
  11:34  error  JSX not allowed in files with extension '.js'                                            react/jsx-filename-extension

/Users/vincent.liu/workspace/vincent/f2e/react-practice/src/stories/Antd Dropdown.stories.js
   2:1   error  '@storybook/addon-actions' should be listed in the project's dependencies, not devDependencies                                                                                                                import/no-extraneous-dependencies
   3:1   error  '@storybook/addon-knobs' should be listed in the project's dependencies, not devDependencies                                                                                                                  import/no-extraneous-dependencies
  13:14  error  'DropdownWithClickWithKnobs' was used before it was defined                                                                                                                                                   no-use-before-define
  26:5   error  JSX not allowed in files with extension '.js'                                                                                                                                                                 react/jsx-filename-extension
  48:7   error  Visible, non-interactive elements with click handlers must have at least one keyboard listener                                                                                                                jsx-a11y/click-events-have-key-events
  48:7   error  Static HTML elements with event handlers require a role                                                                                                                                                       jsx-a11y/no-static-element-interactions
  48:7   error  Anchor used as a button. Anchors are primarily expected to navigate. Use the button element instead. Learn more: https://github.com/evcohen/eslint-plugin-jsx-a11y/blob/master/docs/rules/anchor-is-valid.md  jsx-a11y/anchor-is-valid
  48:49  error  Expected parentheses around arrow function argument                                                                                                                                                           arrow-parens

/Users/vincent.liu/workspace/vincent/f2e/react-practice/src/stories/AntdButton.stories.js
   2:1   error  '@storybook/addon-actions' should be listed in the project's dependencies, not devDependencies  import/no-extraneous-dependencies
   3:1   error  '@storybook/addon-knobs' should be listed in the project's dependencies, not devDependencies    import/no-extraneous-dependencies
  13:14  error  'ButtonWithKnobs' was used before it was defined                                                no-use-before-define
  18:1   error  More than 1 blank line not allowed                                                              no-multiple-empty-lines
  32:5   error  JSX not allowed in files with extension '.js'                                                   react/jsx-filename-extension

/Users/vincent.liu/workspace/vincent/f2e/react-practice/src/stories/AntdDate.stories.js
   2:18  error  Parse errors in imported module '../components/antd/AntdDate': Unexpected token = (14:9)  import/no-named-as-default
   2:18  error  Parse errors in imported module '../components/antd/AntdDate': Unexpected token = (14:9)  import/no-named-as-default-member
   6:14  error  'MultipleDatePicker' was used before it was defined                                       no-use-before-define
  11:41  error  JSX not allowed in files with extension '.js'                                             react/jsx-filename-extension

/Users/vincent.liu/workspace/vincent/f2e/react-practice/src/stories/AntdMessage.stories.js
   2:1   error  '@storybook/addon-actions' should be listed in the project's dependencies, not devDependencies  import/no-extraneous-dependencies
   7:14  error  'antdMessage' was used before it was defined                                                    no-use-before-define
  13:3   error  JSX not allowed in files with extension '.js'                                                   react/jsx-filename-extension
  19:9   error  'success' was used before it was defined                                                        no-use-before-define
  24:49  error  'error' was used before it was defined                                                          no-use-before-define
  27:50  error  'info' was used before it was defined                                                           no-use-before-define
  30:50  error  'warning' was used before it was defined                                                        no-use-before-define
  33:48  error  'warn' was used before it was defined                                                           no-use-before-define
  36:48  error  'loading' was used before it was defined                                                        no-use-before-define
  73:20  error  'boolean' is not defined                                                                        no-undef
  74:17  error  'boolean' is not defined                                                                        no-undef
  75:25  error  'boolean' is not defined                                                                        no-undef
  76:22  error  'text' is not defined                                                                           no-undef
  78:16  error  'select' is not defined                                                                         no-undef
  80:16  error  'radios' is not defined                                                                         no-undef
  81:17  error  'boolean' is not defined                                                                        no-undef
  82:18  error  'boolean' is not defined                                                                        no-undef

/Users/vincent.liu/workspace/vincent/f2e/react-practice/src/stories/AntdModal.stories.js
   2:1   error  '@storybook/addon-knobs' should be listed in the project's dependencies, not devDependencies  import/no-extraneous-dependencies
   5:19  error  Parse errors in imported module '../components/antd/AntdModal': Unexpected token = (7:9)      import/no-named-as-default
   5:19  error  Parse errors in imported module '../components/antd/AntdModal': Unexpected token = (7:9)      import/no-named-as-default-member
   9:14  error  'MultipleModal' was used before it was defined                                                no-use-before-define
  20:10  error  JSX not allowed in files with extension '.js'                                                 react/jsx-filename-extension
  20:17  error  Prop spreading is forbidden                                                                   react/jsx-props-no-spreading

/Users/vincent.liu/workspace/vincent/f2e/react-practice/src/stories/AntdSpin.stories.js
   2:1   error  '@storybook/addon-knobs' should be listed in the project's dependencies, not devDependencies  import/no-extraneous-dependencies
   3:32  error  Missing trailing comma                                                                        comma-dangle
   9:14  error  'Manual' was used before it was defined                                                       no-use-before-define
  22:5   error  JSX not allowed in files with extension '.js'                                                 react/jsx-filename-extension

/Users/vincent.liu/workspace/vincent/f2e/react-practice/src/stories/Common.stories.js
    2:1   error  '@storybook/addon-knobs' should be listed in the project's dependencies, not devDependencies           import/no-extraneous-dependencies
    5:26  error  Parse errors in imported module '../components/common/BootstrapBtn': Unexpected token = (28:15)        import/no-named-as-default
    5:26  error  Parse errors in imported module '../components/common/BootstrapBtn': Unexpected token = (28:15)        import/no-named-as-default-member
   17:20  error  Parse errors in imported module '../components/common/Toggle': Unexpected token = (41:16)              import/no-named-as-default
   17:20  error  Parse errors in imported module '../components/common/Toggle': Unexpected token = (41:16)              import/no-named-as-default-member
   25:42  error  Unexpected block statement surrounding arrow body; move the returned value immediately after the `=>`  arrow-body-style
   26:10  error  JSX not allowed in files with extension '.js'                                                          react/jsx-filename-extension
   29:30  error  Unexpected block statement surrounding arrow body; move the returned value immediately after the `=>`  arrow-body-style
   33:37  error  Unexpected block statement surrounding arrow body; move the returned value immediately after the `=>`  arrow-body-style
   37:33  error  Unexpected block statement surrounding arrow body; move the returned value immediately after the `=>`  arrow-body-style
   45:37  error  Unexpected block statement surrounding arrow body; move the returned value immediately after the `=>`  arrow-body-style
   49:34  error  Unexpected block statement surrounding arrow body; move the returned value immediately after the `=>`  arrow-body-style
   53:30  error  Unexpected block statement surrounding arrow body; move the returned value immediately after the `=>`  arrow-body-style
   83:35  error  Unexpected block statement surrounding arrow body; move the returned value immediately after the `=>`  arrow-body-style
   87:29  error  Unexpected block statement surrounding arrow body; move the returned value immediately after the `=>`  arrow-body-style
  110:34  error  Unexpected block statement surrounding arrow body; move the returned value immediately after the `=>`  arrow-body-style
  114:31  error  Unexpected block statement surrounding arrow body; move the returned value immediately after the `=>`  arrow-body-style
  118:35  error  Unexpected block statement surrounding arrow body; move the returned value immediately after the `=>`  arrow-body-style

/Users/vincent.liu/workspace/vincent/f2e/react-practice/src/stories/Knobs.stories.js
   2:1  error  '@storybook/addon-knobs' should be listed in the project's dependencies, not devDependencies  import/no-extraneous-dependencies
  14:3  error  JSX not allowed in files with extension '.js'                                                 react/jsx-filename-extension

/Users/vincent.liu/workspace/vincent/f2e/react-practice/src/stories/Sanfona.stories.js
   2:25  error  Parse errors in imported module '../components/sanfona/AccordionEx': Unexpected token = (5:21)         import/no-named-as-default
   2:25  error  Parse errors in imported module '../components/sanfona/AccordionEx': Unexpected token = (5:21)         import/no-named-as-default-member
   9:36  error  Unexpected block statement surrounding arrow body; move the returned value immediately after the `=>`  arrow-body-style
  10:10  error  JSX not allowed in files with extension '.js'                                                          react/jsx-filename-extension

/Users/vincent.liu/workspace/vincent/f2e/react-practice/src/util/joiSchema.js
   40:4   error    Missing trailing comma                                                                                 comma-dangle
   46:22  error    Unexpected block statement surrounding arrow body; move the returned value immediately after the `=>`  arrow-body-style
   53:22  error    Unexpected block statement surrounding arrow body; move the returned value immediately after the `=>`  arrow-body-style
   55:7   warning  Unexpected console statement                                                                           no-console
   69:22  error    Unexpected block statement surrounding arrow body; move the returned value immediately after the `=>`  arrow-body-style
   79:5   warning  Unexpected console statement                                                                           no-console
   91:45  error    Missing trailing comma                                                                                 comma-dangle
   94:5   warning  Unexpected console statement                                                                           no-console
  101:5   warning  Unexpected console statement                                                                           no-console
  108:5   warning  Unexpected console statement                                                                           no-console
  116:5   warning  Unexpected console statement                                                                           no-console
  125:46  error    Missing trailing comma                                                                                 comma-dangle
  127:3   warning  Unexpected console statement                                                                           no-console
  132:1   error    This line has a length of 129. Maximum allowed is 100                                                  max-len
  133:3   warning  Unexpected console statement                                                                           no-console
  140:5   warning  Unexpected console statement                                                                           no-console

✖ 481 problems (440 errors, 41 warnings)
  179 errors and 0 warnings potentially fixable with the `--fix` option.

